000 borosh13
001 cmrg
002 coveyou
003 fishman18
004 fishman20
005 fishman2x
006 gfsr4
007 knuthran
008 knuthran2
009 knuthran2002
010 lecuyer21
011 minstd
012 mrg
013 mt19937
014 mt19937_1999
015 mt19937_1998
016 r250
017 ran0
018 ran1
019 ran2
020 ran3
021 rand
022 rand48
023 random128-bsd
024 random128-glibc2
025 random128-libc5
026 random256-bsd
027 random256-glibc2
028 random256-libc5
029 random32-bsd
030 random32-glibc2
031 random32-libc5
032 random64-bsd
033 random64-glibc2
034 random64-libc5
035 random8-bsd
036 random8-glibc2
037 random8-libc5
038 random-bsd
039 random-glibc2
040 random-libc5
041 randu
042 ranf
043 ranlux
044 ranlux389
045 ranlxd1
046 ranlxd2
047 ranlxs0
048 ranlxs1
049 ranlxs2
050 ranmar
051 slatec
052 taus
053 taus2
054 taus113
055 transputer
056 tt800
057 uni
058 uni32
059 vax
060 waterman14
061 zuf
200 stdin_input_raw
201 file_input_raw
202 file_input
203 ca
204 uvag
205 AES_OFB
206 Threefish_OFB
207 XOR
208 kiss
209 superkiss
210 wyrand
211 xoshiro128++
212 xoshiro128**
213 xoshiro128+
214 xoroshiro64**
215 xoroshiro64*
216 xoshiro256++
217 xoshiro256**
218 xoshiro256+
219 xoroshiro128++
220 xoroshiro128**
221 xoroshiro128+
222 jsf
223 jsf64
224 pcg32
225 pcg64
226 pcg64_dxsm
227 pcg64_cmdxsm
228 efiix64
229 hc-128
230 lxm
231 romuduojr
232 romuduo
233 romutrio
234 romuquad
235 threefry2x32
236 threefry4x32
237 threefry2x64
238 threefry4x64
239 philox2x32
240 philox4x32
241 philox2x64
242 philox4x64
243 mt64
244 rdrand
245 chacha
246 speck-128
247 sfmt
248 aesni
249 splitmix64
250 lehmer64
251 mitchelmoore
252 widynski
253 xorshift32
254 xorshift32-trunc
255 xor128
256 xorshift-k4
257 xorshift-k5
258 xorshift-add
259 xorshift7
260 xor4096
261 xorshift128+
262 xorshift1024+
263 xorshift1024*
264 drand48
400 R_wichmann_hill
401 R_marsaglia_multic.
402 R_super_duper
403 R_mersenne_twister
404 R_knuth_taocp
405 R_knuth_taocp2
500 /dev/random
501 /dev/urandom
